<suite name="Suite">
    <test thread-count="3" name="Test">
        <classes>
            <class name="tests.HomeTest" />
            <class name="tests.AccountTest" />
        </classes>
    </test>
</suite>